[INFO] Scanning for projects...
[WARNING] 
[WARNING] Some problems were encountered while building the effective model for com.timerchina.nicothird:nicothird:jar:0.0.1-SNAPSHOT
[WARNING] 'dependencies.dependency.(groupId:artifactId:type:classifier)' must be unique: com.timerchina.modules:excel-utils:jar -> duplicate declaration of version 2.0.3-SNAPSHOT @ line 83, column 15
[WARNING] 
[WARNING] It is highly recommended to fix these problems because they threaten the stability of your build.
[WARNING] 
[WARNING] For this reason, future Maven versions might no longer support building such malformed projects.
[WARNING] 
[INFO]                                                                         
[INFO] ------------------------------------------------------------------------
[INFO] Building nicothird 0.0.1-SNAPSHOT
[INFO] ------------------------------------------------------------------------
[INFO] 
[INFO] --- maven-resources-plugin:2.3:resources (default-resources) @ nicothird ---
[INFO] Using 'UTF-8' encoding to copy filtered resources.
[INFO] skip non existing resourceDirectory /media/andrewdo/s3/sandbox/bettyprimacy-20170722/bettyprimacy-20170722/src/main/resources
[INFO] 
[INFO] --- maven-compiler-plugin:2.5.1:compile (default-compile) @ nicothird ---
[INFO] Nothing to compile - all classes are up to date
[INFO] 
[INFO] --- maven-resources-plugin:2.3:testResources (default-testResources) @ nicothird ---
[INFO] Using 'UTF-8' encoding to copy filtered resources.
[INFO] skip non existing resourceDirectory /media/andrewdo/s3/sandbox/bettyprimacy-20170722/bettyprimacy-20170722/src/test/resources
[INFO] 
[INFO] --- maven-compiler-plugin:2.5.1:testCompile (default-testCompile) @ nicothird ---
[INFO] Compiling 6 source files to /media/andrewdo/s3/sandbox/bettyprimacy-20170722/bettyprimacy-20170722/target/test-classes
[INFO] -------------------------------------------------------------
[ERROR] COMPILATION ERROR : 
[INFO] -------------------------------------------------------------
[ERROR] /media/andrewdo/s3/sandbox/bettyprimacy-20170722/bettyprimacy-20170722/src/test/java/com/timerchina/ptm/TemplateMerger.java:[7,16] error: package org.junit does not exist
[ERROR] /media/andrewdo/s3/sandbox/bettyprimacy-20170722/bettyprimacy-20170722/src/test/java/com/timerchina/mdr/test/MDRTest.java:[13,16] error: package org.junit does not exist
[ERROR] /media/andrewdo/s3/sandbox/bettyprimacy-20170722/bettyprimacy-20170722/src/test/java/com/timerchina/ptm/TemplateMerger.java:[51,2] error: cannot find symbol
[ERROR]   symbol:   class Test
  location: class TemplateMerger
/media/andrewdo/s3/sandbox/bettyprimacy-20170722/bettyprimacy-20170722/src/test/java/com/timerchina/mdr/test/MDRTest.java:[131,2] error: cannot find symbol
[ERROR]   symbol:   class Test
  location: class MDRTest
/media/andrewdo/s3/sandbox/bettyprimacy-20170722/bettyprimacy-20170722/src/test/java/com/timerchina/mdr/test/MDRTest.java:[172,2] error: cannot find symbol
[ERROR]   symbol:   class Test
  location: class MDRTest
/media/andrewdo/s3/sandbox/bettyprimacy-20170722/bettyprimacy-20170722/src/test/java/com/timerchina/mdr/test/MDRTest.java:[191,2] error: cannot find symbol
[ERROR]   symbol:   class Test
  location: class MDRTest
/media/andrewdo/s3/sandbox/bettyprimacy-20170722/bettyprimacy-20170722/src/test/java/com/timerchina/mdr/test/MDRTest.java:[216,11] error: package org.junit does not exist
[ERROR] /media/andrewdo/s3/sandbox/bettyprimacy-20170722/bettyprimacy-20170722/src/test/java/com/timerchina/mdr/test/MDRTest.java:[240,2] error: cannot find symbol
[ERROR]   symbol:   class Test
  location: class MDRTest
/media/andrewdo/s3/sandbox/bettyprimacy-20170722/bettyprimacy-20170722/src/test/java/com/timerchina/mdr/test/MDRTest.java:[277,11] error: package org.junit does not exist
[ERROR] /media/andrewdo/s3/sandbox/bettyprimacy-20170722/bettyprimacy-20170722/src/test/java/com/timerchina/mdr/test/MDRTest.java:[292,11] error: package org.junit does not exist
[INFO] 10 errors 
[INFO] -------------------------------------------------------------
[INFO] ------------------------------------------------------------------------
[INFO] BUILD FAILURE
[INFO] ------------------------------------------------------------------------
[INFO] Total time: 1.888s
[INFO] Finished at: Sat Jul 22 13:55:29 CDT 2017
[INFO] Final Memory: 20M/240M
[INFO] ------------------------------------------------------------------------
[ERROR] Failed to execute goal org.apache.maven.plugins:maven-compiler-plugin:2.5.1:testCompile (default-testCompile) on project nicothird: Compilation failure: Compilation failure:
[ERROR] /media/andrewdo/s3/sandbox/bettyprimacy-20170722/bettyprimacy-20170722/src/test/java/com/timerchina/ptm/TemplateMerger.java:[7,16] error: package org.junit does not exist
[ERROR] /media/andrewdo/s3/sandbox/bettyprimacy-20170722/bettyprimacy-20170722/src/test/java/com/timerchina/mdr/test/MDRTest.java:[13,16] error: package org.junit does not exist
[ERROR] /media/andrewdo/s3/sandbox/bettyprimacy-20170722/bettyprimacy-20170722/src/test/java/com/timerchina/ptm/TemplateMerger.java:[51,2] error: cannot find symbol
[ERROR] symbol:   class Test
[ERROR] location: class TemplateMerger
[ERROR] /media/andrewdo/s3/sandbox/bettyprimacy-20170722/bettyprimacy-20170722/src/test/java/com/timerchina/mdr/test/MDRTest.java:[131,2] error: cannot find symbol
[ERROR] symbol:   class Test
[ERROR] location: class MDRTest
[ERROR] /media/andrewdo/s3/sandbox/bettyprimacy-20170722/bettyprimacy-20170722/src/test/java/com/timerchina/mdr/test/MDRTest.java:[172,2] error: cannot find symbol
[ERROR] symbol:   class Test
[ERROR] location: class MDRTest
[ERROR] /media/andrewdo/s3/sandbox/bettyprimacy-20170722/bettyprimacy-20170722/src/test/java/com/timerchina/mdr/test/MDRTest.java:[191,2] error: cannot find symbol
[ERROR] symbol:   class Test
[ERROR] location: class MDRTest
[ERROR] /media/andrewdo/s3/sandbox/bettyprimacy-20170722/bettyprimacy-20170722/src/test/java/com/timerchina/mdr/test/MDRTest.java:[216,11] error: package org.junit does not exist
[ERROR] /media/andrewdo/s3/sandbox/bettyprimacy-20170722/bettyprimacy-20170722/src/test/java/com/timerchina/mdr/test/MDRTest.java:[240,2] error: cannot find symbol
[ERROR] symbol:   class Test
[ERROR] location: class MDRTest
[ERROR] /media/andrewdo/s3/sandbox/bettyprimacy-20170722/bettyprimacy-20170722/src/test/java/com/timerchina/mdr/test/MDRTest.java:[277,11] error: package org.junit does not exist
[ERROR] /media/andrewdo/s3/sandbox/bettyprimacy-20170722/bettyprimacy-20170722/src/test/java/com/timerchina/mdr/test/MDRTest.java:[292,11] error: package org.junit does not exist
[ERROR] -> [Help 1]
[ERROR] 
[ERROR] To see the full stack trace of the errors, re-run Maven with the -e switch.
[ERROR] Re-run Maven using the -X switch to enable full debug logging.
[ERROR] 
[ERROR] For more information about the errors and possible solutions, please read the following articles:
[ERROR] [Help 1] http://cwiki.apache.org/confluence/display/MAVEN/MojoFailureException
